Running in Lattice mode


Starting:    C:\lscc\iCEcube2.2020.12\synpbase\bin64\mbin\synbatch.exe
Install:     C:\lscc\iCEcube2.2020.12\synpbase
Hostname:    ZANGSTONOMICON
Date:        Thu May 30 22:12:30 2024
Version:     L-2016.09L+ice40

Arguments:   -product synplify_pro -batch project1_syn.prj
ProductType: synplify_pro





log file: "C:\Users\winst\Documents\UVA\ASTR Research\nandland-go-tutorials\project1-led-blink\project1\project1_Implmnt\project1.srr"
Running: project1_Implmnt in foreground

Running project1_syn|project1_Implmnt

Running: compile (Compile) on project1_syn|project1_Implmnt
# Thu May 30 22:12:30 2024

Running: compile_flow (Compile Process) on project1_syn|project1_Implmnt
# Thu May 30 22:12:30 2024

Running: compiler (Compile Input) on project1_syn|project1_Implmnt
# Thu May 30 22:12:30 2024
Copied C:\Users\winst\Documents\UVA\ASTR Research\nandland-go-tutorials\project1-led-blink\project1\project1_Implmnt\synwork\project1_comp.srs to C:\Users\winst\Documents\UVA\ASTR Research\nandland-go-tutorials\project1-led-blink\project1\project1_Implmnt\project1.srs

compiler completed
# Thu May 30 22:12:31 2024

Return Code: 0
Run Time:00h:00m:01s

Running: multi_srs_gen (Multi-srs Generator) on project1_syn|project1_Implmnt
# Thu May 30 22:12:31 2024

multi_srs_gen completed
# Thu May 30 22:12:32 2024

Return Code: 0
Run Time:00h:00m:01s
Copied C:\Users\winst\Documents\UVA\ASTR Research\nandland-go-tutorials\project1-led-blink\project1\project1_Implmnt\synwork\project1_mult.srs to C:\Users\winst\Documents\UVA\ASTR Research\nandland-go-tutorials\project1-led-blink\project1\project1_Implmnt\project1.srs
Complete: Compile Process on project1_syn|project1_Implmnt

Running: premap (Pre-mapping) on project1_syn|project1_Implmnt
# Thu May 30 22:12:32 2024

premap completed
# Thu May 30 22:12:32 2024

Return Code: 0
Run Time:00h:00m:00s
Complete: Compile on project1_syn|project1_Implmnt

Running: map (Map) on project1_syn|project1_Implmnt
# Thu May 30 22:12:32 2024
License granted for 4 parallel jobs

Running: fpga_mapper (Map & Optimize) on project1_syn|project1_Implmnt
# Thu May 30 22:12:32 2024
Copied C:\Users\winst\Documents\UVA\ASTR Research\nandland-go-tutorials\project1-led-blink\project1\project1_Implmnt\synwork\project1_m.srm to C:\Users\winst\Documents\UVA\ASTR Research\nandland-go-tutorials\project1-led-blink\project1\project1_Implmnt\project1.srm

fpga_mapper completed
# Thu May 30 22:12:33 2024

Return Code: 0
Run Time:00h:00m:01s
Complete: Map on project1_syn|project1_Implmnt
Complete: Logic Synthesis on project1_syn|project1_Implmnt

exit status=0

exit status=0

